<?xml version="1.0" encoding="UTF-8"?>
<!-- Generated by org.testng.reporters.JUnitReportReporter -->
<testsuite hostname="Amars-MacBook-Air.local" failures="0" tests="1" name="qalearning.com.SeleniumTest" time="0.010" errors="0" timestamp="2021-08-07T21:44:12 IST" skipped="0">
  <testcase classname="qalearning.com.SeleniumTest" name="browserAutomation" time="0.010"/>
  <system-out/>
</testsuite> <!-- qalearning.com.SeleniumTest -->
