<?xml version="1.0" encoding="UTF-8"?>
<!-- Generated by org.testng.reporters.JUnitReportReporter -->
<testsuite skipped="0" hostname="Amars-MacBook-Air.local" name="qalearning.com.RestAPITest" tests="2" failures="0" timestamp="2021-08-09T14:46:08 IST" time="0.004" errors="0">
  <testcase name="deleteTwitter" time="0.004" classname="qalearning.com.RestAPITest"/>
  <system-out/>
  <testcase name="postJira" time="0.000" classname="qalearning.com.RestAPITest"/>
  <system-out/>
</testsuite> <!-- qalearning.com.RestAPITest -->
