<?xml version="1.0" encoding="UTF-8"?>
<!-- Generated by org.testng.reporters.JUnitReportReporter -->
<testsuite skipped="0" hostname="Amars-MacBook-Air.local" name="qalearning.com.SeleniumTest" tests="2" failures="0" timestamp="2021-08-09T14:46:13 IST" time="0.000" errors="0">
  <testcase name="browserAutomation" time="0.000" classname="qalearning.com.SeleniumTest"/>
  <system-out/>
  <testcase name="elementUI" time="0.000" classname="qalearning.com.SeleniumTest"/>
  <system-out/>
</testsuite> <!-- qalearning.com.SeleniumTest -->
