<?xml version="1.0" encoding="UTF-8"?>
<!-- Generated by org.testng.reporters.JUnitReportReporter -->
<testsuite skipped="0" hostname="Amars-MacBook-Air.local" name="qalearning.com.AppiumTest" tests="2" failures="0" timestamp="2021-08-09T14:46:03 IST" time="0.001" errors="0">
  <testcase name="nativeAndroidApp" time="0.000" classname="qalearning.com.AppiumTest"/>
  <system-out/>
  <testcase name="iosApp" time="0.001" classname="qalearning.com.AppiumTest"/>
  <system-out/>
</testsuite> <!-- qalearning.com.AppiumTest -->
